<?xml version="1.0" encoding="UTF-8"?>
<testng-results ignored="0" total="1" passed="1" failed="0" skipped="0">
  <reporter-output>
  </reporter-output>
  <suite started-at="2023-03-21T16:51:31 IST" name="Default suite" finished-at="2023-03-21T16:51:45 IST" duration-ms="14401">
    <groups>
    </groups>
    <test started-at="2023-03-21T16:51:31 IST" name="Default test" finished-at="2023-03-21T16:51:45 IST" duration-ms="14401">
      <class name="RestAssuredTest7.SerializationAndDeserialization">
        <test-method signature="createJSONObjectFromEmployeeClassObject()[pri:0, instance:RestAssuredTest7.SerializationAndDeserialization@2a54a73f]" started-at="2023-03-21T16:51:31 IST" name="createJSONObjectFromEmployeeClassObject" finished-at="2023-03-21T16:51:45 IST" duration-ms="13937" status="PASS">
          <reporter-output>
          </reporter-output>
        </test-method> <!-- createJSONObjectFromEmployeeClassObject -->
      </class> <!-- RestAssuredTest7.SerializationAndDeserialization -->
    </test> <!-- Default test -->
  </suite> <!-- Default suite -->
</testng-results>
